<?xml version="1.0" ?>
<!DOCTYPE coverage SYSTEM "http://cobertura.sourceforge.net/xml/coverage-04.dtd">
<coverage lines-valid="600" lines-covered="600" line-rate="1" branches-valid="225" branches-covered="225" branch-rate="1" timestamp="1668528259915" complexity="0" version="0.1">
  <sources>
    <source>/home/cleong/array-router</source>
  </sources>
  <packages>
    <package name="array-router" line-rate="1" branch-rate="1">
      <classes>
        <class name="index.js" filename="index.js" line-rate="1" branch-rate="1">
          <methods>
          </methods>
          <lines>
            <line number="1" hits="2" branch="true" condition-coverage="100% (1/1)"/>
            <line number="2" hits="2" branch="false"/>
            <line number="3" hits="2" branch="false"/>
            <line number="4" hits="2" branch="false"/>
            <line number="5" hits="2" branch="false"/>
            <line number="6" hits="2" branch="false"/>
            <line number="7" hits="2" branch="false"/>
            <line number="8" hits="2" branch="false"/>
            <line number="9" hits="2" branch="false"/>
            <line number="10" hits="2" branch="false"/>
            <line number="11" hits="2" branch="false"/>
            <line number="12" hits="2" branch="false"/>
            <line number="13" hits="2" branch="false"/>
          </lines>
        </class>
      </classes>
    </package>
    <package name="array-router.src" line-rate="1" branch-rate="1">
      <classes>
        <class name="array-proxy.js" filename="src/array-proxy.js" line-rate="1" branch-rate="1">
          <methods>
            <method name="arrayProxy" hits="20" signature="()V">
              <lines>
                <line number="4" hits="20"/>
              </lines>
            </method>
            <method name="getOwnPropertyDescriptor" hits="117" signature="()V">
              <lines>
                <line number="49" hits="117"/>
              </lines>
            </method>
            <method name="get" hits="37" signature="()V">
              <lines>
                <line number="77" hits="37"/>
              </lines>
            </method>
            <method name="set" hits="11" signature="()V">
              <lines>
                <line number="81" hits="11"/>
              </lines>
            </method>
            <method name="has" hits="60" signature="()V">
              <lines>
                <line number="117" hits="60"/>
              </lines>
            </method>
            <method name="ownKeys" hits="18" signature="()V">
              <lines>
                <line number="120" hits="18"/>
              </lines>
            </method>
          </methods>
          <lines>
            <line number="1" hits="2" branch="true" condition-coverage="100% (1/1)"/>
            <line number="2" hits="2" branch="false"/>
            <line number="3" hits="2" branch="false"/>
            <line number="4" hits="2" branch="true" condition-coverage="100% (1/1)"/>
            <line number="5" hits="20" branch="true" condition-coverage="100% (3/3)"/>
            <line number="6" hits="2" branch="false"/>
            <line number="7" hits="2" branch="false"/>
            <line number="8" hits="18" branch="true" condition-coverage="100% (1/1)"/>
            <line number="9" hits="18" branch="false"/>
            <line number="10" hits="20" branch="true" condition-coverage="100% (1/1)"/>
            <line number="11" hits="31" branch="false"/>
            <line number="12" hits="31" branch="true" condition-coverage="100% (1/1)"/>
            <line number="13" hits="13" branch="false"/>
            <line number="14" hits="13" branch="true" condition-coverage="100% (2/2)"/>
            <line number="15" hits="11" branch="false"/>
            <line number="16" hits="11" branch="false"/>
            <line number="17" hits="31" branch="true" condition-coverage="100% (1/1)"/>
            <line number="18" hits="18" branch="true" condition-coverage="100% (1/1)"/>
            <line number="19" hits="13" branch="false"/>
            <line number="20" hits="13" branch="true" condition-coverage="100% (1/1)"/>
            <line number="21" hits="31" branch="true" condition-coverage="100% (1/1)"/>
            <line number="22" hits="5" branch="false"/>
            <line number="23" hits="5" branch="false"/>
            <line number="24" hits="31" branch="true" condition-coverage="100% (2/2)"/>
            <line number="25" hits="25" branch="true" condition-coverage="100% (1/1)"/>
            <line number="26" hits="12" branch="false"/>
            <line number="27" hits="12" branch="false"/>
            <line number="28" hits="31" branch="true" condition-coverage="100% (1/1)"/>
            <line number="29" hits="1" branch="false"/>
            <line number="30" hits="1" branch="false"/>
            <line number="31" hits="1" branch="false"/>
            <line number="32" hits="31" branch="false"/>
            <line number="33" hits="18" branch="true" condition-coverage="100% (2/2)"/>
            <line number="34" hits="4" branch="false"/>
            <line number="35" hits="4" branch="false"/>
            <line number="36" hits="18" branch="false"/>
            <line number="37" hits="31" branch="true" condition-coverage="100% (1/1)"/>
            <line number="38" hits="4" branch="false"/>
            <line number="39" hits="4" branch="false"/>
            <line number="40" hits="27" branch="true" condition-coverage="100% (1/1)"/>
            <line number="41" hits="27" branch="false"/>
            <line number="42" hits="14" branch="true" condition-coverage="100% (1/1)"/>
            <line number="43" hits="14" branch="true" condition-coverage="100% (1/1)"/>
            <line number="44" hits="14" branch="false"/>
            <line number="45" hits="20" branch="true" condition-coverage="100% (1/1)"/>
            <line number="46" hits="27" branch="false"/>
            <line number="47" hits="27" branch="false"/>
            <line number="48" hits="14" branch="true" condition-coverage="100% (1/1)"/>
            <line number="49" hits="14" branch="true" condition-coverage="100% (1/1)"/>
            <line number="50" hits="117" branch="false"/>
            <line number="51" hits="117" branch="false"/>
            <line number="52" hits="117" branch="true" condition-coverage="100% (1/1)"/>
            <line number="53" hits="17" branch="false"/>
            <line number="54" hits="117" branch="true" condition-coverage="100% (2/2)"/>
            <line number="55" hits="27" branch="false"/>
            <line number="56" hits="100" branch="true" condition-coverage="100% (1/1)"/>
            <line number="57" hits="73" branch="true" condition-coverage="100% (1/1)"/>
            <line number="58" hits="65" branch="true" condition-coverage="100% (1/1)"/>
            <line number="59" hits="134" branch="true" condition-coverage="100% (1/1)"/>
            <line number="60" hits="19" branch="false"/>
            <line number="61" hits="19" branch="false"/>
            <line number="62" hits="134" branch="true" condition-coverage="100% (2/2)"/>
            <line number="63" hits="44" branch="false"/>
            <line number="64" hits="134" branch="true" condition-coverage="100% (2/2)"/>
            <line number="65" hits="23" branch="false"/>
            <line number="66" hits="23" branch="false"/>
            <line number="67" hits="23" branch="false"/>
            <line number="68" hits="134" branch="false"/>
            <line number="69" hits="73" branch="true" condition-coverage="100% (1/1)"/>
            <line number="70" hits="8" branch="false"/>
            <line number="71" hits="8" branch="false"/>
            <line number="72" hits="8" branch="false"/>
            <line number="73" hits="8" branch="false"/>
            <line number="74" hits="73" branch="false"/>
            <line number="75" hits="117" branch="true" condition-coverage="100% (2/2)"/>
            <line number="76" hits="14" branch="false"/>
            <line number="77" hits="14" branch="true" condition-coverage="100% (1/1)"/>
            <line number="78" hits="37" branch="false"/>
            <line number="79" hits="37" branch="true" condition-coverage="100% (1/1)"/>
            <line number="80" hits="14" branch="false"/>
            <line number="81" hits="14" branch="true" condition-coverage="100% (1/1)"/>
            <line number="82" hits="11" branch="false"/>
            <line number="83" hits="11" branch="true" condition-coverage="100% (1/1)"/>
            <line number="84" hits="1" branch="false"/>
            <line number="85" hits="11" branch="true" condition-coverage="100% (2/2)"/>
            <line number="86" hits="3" branch="false"/>
            <line number="87" hits="10" branch="true" condition-coverage="100% (1/1)"/>
            <line number="88" hits="7" branch="true" condition-coverage="100% (1/1)"/>
            <line number="89" hits="4" branch="false"/>
            <line number="90" hits="4" branch="false"/>
            <line number="91" hits="4" branch="false"/>
            <line number="92" hits="4" branch="true" condition-coverage="100% (1/1)"/>
            <line number="93" hits="12" branch="true" condition-coverage="100% (1/1)"/>
            <line number="94" hits="3" branch="false"/>
            <line number="95" hits="3" branch="false"/>
            <line number="96" hits="3" branch="false"/>
            <line number="97" hits="12" branch="true" condition-coverage="100% (2/2)"/>
            <line number="98" hits="4" branch="false"/>
            <line number="99" hits="12" branch="true" condition-coverage="100% (1/1)"/>
            <line number="100" hits="5" branch="false"/>
            <line number="101" hits="5" branch="false"/>
            <line number="102" hits="9" branch="true" condition-coverage="100% (1/1)"/>
            <line number="103" hits="9" branch="false"/>
            <line number="104" hits="9" branch="false"/>
            <line number="105" hits="12" branch="false"/>
            <line number="106" hits="4" branch="true" condition-coverage="100% (1/1)"/>
            <line number="107" hits="3" branch="false"/>
            <line number="108" hits="3" branch="false"/>
            <line number="109" hits="7" branch="true" condition-coverage="100% (2/2)"/>
            <line number="110" hits="2" branch="false"/>
            <line number="111" hits="3" branch="true" condition-coverage="100% (1/1)"/>
            <line number="112" hits="1" branch="false"/>
            <line number="113" hits="1" branch="false"/>
            <line number="114" hits="7" branch="false"/>
            <line number="115" hits="7" branch="true" condition-coverage="100% (1/1)"/>
            <line number="116" hits="14" branch="false"/>
            <line number="117" hits="14" branch="true" condition-coverage="100% (1/1)"/>
            <line number="118" hits="60" branch="false"/>
            <line number="119" hits="14" branch="false"/>
            <line number="120" hits="14" branch="true" condition-coverage="100% (1/1)"/>
            <line number="121" hits="18" branch="true" condition-coverage="100% (1/1)"/>
            <line number="122" hits="14" branch="false"/>
            <line number="123" hits="14" branch="false"/>
            <line number="124" hits="20" branch="false"/>
          </lines>
        </class>
        <class name="error-boundary.js" filename="src/error-boundary.js" line-rate="1" branch-rate="1">
          <methods>
            <method name="ErrorBoundary" hits="30" signature="()V">
              <lines>
                <line number="4" hits="30"/>
              </lines>
            </method>
            <method name="getDerivedStateFromProps" hits="52" signature="()V">
              <lines>
                <line number="9" hits="52"/>
              </lines>
            </method>
            <method name="getDerivedStateFromError" hits="4" signature="()V">
              <lines>
                <line number="20" hits="4"/>
              </lines>
            </method>
            <method name="render" hits="52" signature="()V">
              <lines>
                <line number="24" hits="52"/>
              </lines>
            </method>
          </methods>
          <lines>
            <line number="1" hits="2" branch="true" condition-coverage="100% (1/1)"/>
            <line number="2" hits="2" branch="false"/>
            <line number="3" hits="2" branch="false"/>
            <line number="4" hits="2" branch="true" condition-coverage="100% (1/1)"/>
            <line number="5" hits="30" branch="false"/>
            <line number="6" hits="30" branch="false"/>
            <line number="7" hits="30" branch="false"/>
            <line number="8" hits="2" branch="false"/>
            <line number="9" hits="2" branch="true" condition-coverage="100% (1/1)"/>
            <line number="10" hits="52" branch="false"/>
            <line number="11" hits="52" branch="true" condition-coverage="100% (1/1)"/>
            <line number="12" hits="4" branch="false"/>
            <line number="13" hits="4" branch="false"/>
            <line number="14" hits="52" branch="true" condition-coverage="100% (1/1)"/>
            <line number="15" hits="48" branch="false"/>
            <line number="16" hits="48" branch="false"/>
            <line number="17" hits="48" branch="false"/>
            <line number="18" hits="52" branch="false"/>
            <line number="19" hits="2" branch="false"/>
            <line number="20" hits="2" branch="true" condition-coverage="100% (1/1)"/>
            <line number="21" hits="4" branch="false"/>
            <line number="22" hits="4" branch="false"/>
            <line number="23" hits="2" branch="false"/>
            <line number="24" hits="2" branch="true" condition-coverage="100% (1/1)"/>
            <line number="25" hits="52" branch="false"/>
            <line number="26" hits="52" branch="true" condition-coverage="100% (1/1)"/>
            <line number="27" hits="4" branch="false"/>
            <line number="28" hits="4" branch="true" condition-coverage="100% (1/1)"/>
            <line number="29" hits="1" branch="false"/>
            <line number="30" hits="1" branch="false"/>
            <line number="31" hits="4" branch="false"/>
            <line number="32" hits="52" branch="true" condition-coverage="100% (2/2)"/>
            <line number="33" hits="52" branch="false"/>
            <line number="34" hits="2" branch="false"/>
          </lines>
        </class>
        <class name="errors.js" filename="src/errors.js" line-rate="1" branch-rate="1">
          <methods>
            <method name="RouteError" hits="1" signature="()V">
              <lines>
                <line number="2" hits="1"/>
              </lines>
            </method>
            <method name="RouteChangeInterruption" hits="1" signature="()V">
              <lines>
                <line number="12" hits="1"/>
              </lines>
            </method>
          </methods>
          <lines>
            <line number="1" hits="2" branch="true" condition-coverage="100% (1/1)"/>
            <line number="2" hits="2" branch="true" condition-coverage="100% (1/1)"/>
            <line number="3" hits="1" branch="false"/>
            <line number="4" hits="1" branch="false"/>
            <line number="5" hits="1" branch="false"/>
            <line number="6" hits="1" branch="false"/>
            <line number="7" hits="1" branch="false"/>
            <line number="8" hits="1" branch="false"/>
            <line number="9" hits="2" branch="false"/>
            <line number="10" hits="2" branch="false"/>
            <line number="11" hits="2" branch="false"/>
            <line number="12" hits="2" branch="true" condition-coverage="100% (1/1)"/>
            <line number="13" hits="1" branch="false"/>
            <line number="14" hits="1" branch="false"/>
            <line number="15" hits="1" branch="false"/>
            <line number="16" hits="2" branch="false"/>
          </lines>
        </class>
        <class name="hooks.js" filename="src/hooks.js" line-rate="1" branch-rate="1">
          <methods>
            <method name="useRouter" hits="51" signature="()V">
              <lines>
                <line number="7" hits="51"/>
              </lines>
            </method>
            <method name="change" hits="65" signature="()V">
              <lines>
                <line number="25" hits="65"/>
              </lines>
            </method>
            <method name="setError" hits="4" signature="()V">
              <lines>
                <line number="46" hits="4"/>
              </lines>
            </method>
            <method name="notifyConsumers" hits="64" signature="()V">
              <lines>
                <line number="55" hits="64"/>
              </lines>
            </method>
            <method name="addConsumer" hits="87" signature="()V">
              <lines>
                <line number="84" hits="87"/>
              </lines>
            </method>
            <method name="removeConsumer" hits="87" signature="()V">
              <lines>
                <line number="87" hits="87"/>
              </lines>
            </method>
            <method name="onLinkClick" hits="2" signature="()V">
              <lines>
                <line number="106" hits="2"/>
              </lines>
            </method>
            <method name="onPopState" hits="1" signature="()V">
              <lines>
                <line number="122" hits="1"/>
              </lines>
            </method>
            <method name="rethrow" hits="5" signature="()V">
              <lines>
                <line number="138" hits="5"/>
              </lines>
            </method>
            <method name="onError" hits="4" signature="()V">
              <lines>
                <line number="145" hits="4"/>
              </lines>
            </method>
            <method name="useRoute" hits="41" signature="()V">
              <lines>
                <line number="151" hits="41"/>
              </lines>
            </method>
            <method name="useRoutePromise" hits="2" signature="()V">
              <lines>
                <line number="157" hits="2"/>
              </lines>
            </method>
            <method name="dispatch" hits="2" signature="()V">
              <lines>
                <line number="164" hits="2"/>
              </lines>
            </method>
            <method name="changed" hits="2" signature="()V">
              <lines>
                <line number="177" hits="2"/>
              </lines>
            </method>
            <method name="useLocation" hits="10" signature="()V">
              <lines>
                <line number="180" hits="10"/>
              </lines>
            </method>
            <method name="useRouterContext" hits="53" signature="()V">
              <lines>
                <line number="187" hits="53"/>
              </lines>
            </method>
            <method name="useRouteFrom" hits="86" signature="()V">
              <lines>
                <line number="195" hits="86"/>
              </lines>
            </method>
            <method name="pushing" hits="3" signature="()V">
              <lines>
                <line number="204" hits="3"/>
              </lines>
            </method>
            <method name="replacing" hits="6" signature="()V">
              <lines>
                <line number="215" hits="6"/>
              </lines>
            </method>
            <method name="onMutation" hits="52" signature="()V">
              <lines>
                <line number="236" hits="52"/>
              </lines>
            </method>
            <method name="throw404" hits="1" signature="()V">
              <lines>
                <line number="271" hits="1"/>
              </lines>
            </method>
            <method name="useMonitoring" hits="95" signature="()V">
              <lines>
                <line number="275" hits="95"/>
              </lines>
            </method>
            <method name="createProxy" hits="172" signature="()V">
              <lines>
                <line number="291" hits="172"/>
              </lines>
            </method>
            <method name="throwError" hits="188" signature="()V">
              <lines>
                <line number="292" hits="188"/>
              </lines>
            </method>
            <method name="get" hits="146" signature="()V">
              <lines>
                <line number="302" hits="146"/>
              </lines>
            </method>
            <method name="fn" hits="13" signature="()V">
              <lines>
                <line number="310" hits="13"/>
              </lines>
            </method>
            <method name="fn" hits="19" signature="()V">
              <lines>
                <line number="311" hits="19"/>
              </lines>
            </method>
            <method name="fn" hits="159" signature="()V">
              <lines>
                <line number="324" hits="159"/>
              </lines>
            </method>
            <method name="set" hits="42" signature="()V">
              <lines>
                <line number="333" hits="42"/>
              </lines>
            </method>
            <method name="deleteProperty" hits="4" signature="()V">
              <lines>
                <line number="339" hits="4"/>
              </lines>
            </method>
            <method name="isResultDifferent" hits="48" signature="()V">
              <lines>
                <line number="348" hits="48"/>
              </lines>
            </method>
            <method name="compareResult" hits="37" signature="()V">
              <lines>
                <line number="358" hits="37"/>
              </lines>
            </method>
            <method name="parseParts" hits="57" signature="()V">
              <lines>
                <line number="376" hits="57"/>
              </lines>
            </method>
            <method name="parseQuery" hits="46" signature="()V">
              <lines>
                <line number="388" hits="46"/>
              </lines>
            </method>
            <method name="createURL" hits="84" signature="()V">
              <lines>
                <line number="396" hits="84"/>
              </lines>
            </method>
            <method name="clone" hits="220" signature="()V">
              <lines>
                <line number="407" hits="220"/>
              </lines>
            </method>
          </methods>
          <lines>
            <line number="1" hits="2" branch="true" condition-coverage="100% (1/1)"/>
            <line number="2" hits="2" branch="false"/>
            <line number="3" hits="2" branch="false"/>
            <line number="4" hits="2" branch="false"/>
            <line number="5" hits="2" branch="false"/>
            <line number="6" hits="2" branch="false"/>
            <line number="7" hits="2" branch="true" condition-coverage="100% (1/1)"/>
            <line number="8" hits="51" branch="false"/>
            <line number="9" hits="51" branch="false"/>
            <line number="10" hits="51" branch="false"/>
            <line number="11" hits="51" branch="false"/>
            <line number="12" hits="51" branch="false"/>
            <line number="13" hits="51" branch="true" condition-coverage="100% (1/1)"/>
            <line number="14" hits="1" branch="false"/>
            <line number="15" hits="1" branch="false"/>
            <line number="16" hits="50" branch="true" condition-coverage="100% (2/2)"/>
            <line number="17" hits="50" branch="true" condition-coverage="100% (1/1)"/>
            <line number="18" hits="31" branch="false"/>
            <line number="19" hits="31" branch="false"/>
            <line number="20" hits="31" branch="false"/>
            <line number="21" hits="31" branch="false"/>
            <line number="22" hits="31" branch="false"/>
            <line number="23" hits="31" branch="false"/>
            <line number="24" hits="31" branch="false"/>
            <line number="25" hits="31" branch="true" condition-coverage="100% (1/1)"/>
            <line number="26" hits="65" branch="true" condition-coverage="100% (1/1)"/>
            <line number="27" hits="65" branch="true" condition-coverage="100% (1/1)"/>
            <line number="28" hits="65" branch="true" condition-coverage="100% (1/1)"/>
            <line number="29" hits="65" branch="true" condition-coverage="100% (1/1)"/>
            <line number="30" hits="55" branch="false"/>
            <line number="31" hits="55" branch="false"/>
            <line number="32" hits="65" branch="true" condition-coverage="100% (2/2)"/>
            <line number="33" hits="44" branch="false"/>
            <line number="34" hits="44" branch="false"/>
            <line number="35" hits="64" branch="true" condition-coverage="100% (1/1)"/>
            <line number="36" hits="64" branch="false"/>
            <line number="37" hits="65" branch="true" condition-coverage="100% (1/1)"/>
            <line number="38" hits="15" branch="true" condition-coverage="100% (1/1)"/>
            <line number="39" hits="5" branch="false"/>
            <line number="40" hits="15" branch="true" condition-coverage="100% (2/2)"/>
            <line number="41" hits="2" branch="false"/>
            <line number="42" hits="2" branch="false"/>
            <line number="43" hits="15" branch="false"/>
            <line number="44" hits="65" branch="false"/>
            <line number="45" hits="31" branch="false"/>
            <line number="46" hits="31" branch="true" condition-coverage="100% (1/1)"/>
            <line number="47" hits="4" branch="true" condition-coverage="100% (1/1)"/>
            <line number="48" hits="1" branch="false"/>
            <line number="49" hits="1" branch="false"/>
            <line number="50" hits="1" branch="false"/>
            <line number="51" hits="1" branch="false"/>
            <line number="52" hits="3" branch="true" condition-coverage="100% (1/1)"/>
            <line number="53" hits="3" branch="false"/>
            <line number="54" hits="31" branch="false"/>
            <line number="55" hits="31" branch="true" condition-coverage="100% (1/1)"/>
            <line number="56" hits="64" branch="false"/>
            <line number="57" hits="64" branch="true" condition-coverage="100% (1/1)"/>
            <line number="58" hits="54" branch="true" condition-coverage="100% (1/1)"/>
            <line number="59" hits="1" branch="false"/>
            <line number="60" hits="54" branch="true" condition-coverage="100% (2/2)"/>
            <line number="61" hits="6" branch="false"/>
            <line number="62" hits="53" branch="true" condition-coverage="100% (4/4)"/>
            <line number="63" hits="17" branch="false"/>
            <line number="64" hits="47" branch="true" condition-coverage="100% (4/4)"/>
            <line number="65" hits="6" branch="false"/>
            <line number="66" hits="30" branch="true" condition-coverage="100% (1/1)"/>
            <line number="67" hits="24" branch="false"/>
            <line number="68" hits="24" branch="false"/>
            <line number="69" hits="64" branch="false"/>
            <line number="70" hits="64" branch="false"/>
            <line number="71" hits="64" branch="true" condition-coverage="100% (1/1)"/>
            <line number="72" hits="28" branch="true" condition-coverage="100% (1/1)"/>
            <line number="73" hits="28" branch="true" condition-coverage="100% (1/1)"/>
            <line number="74" hits="30" branch="false"/>
            <line number="75" hits="30" branch="true" condition-coverage="100% (1/1)"/>
            <line number="76" hits="16" branch="false"/>
            <line number="77" hits="16" branch="false"/>
            <line number="78" hits="16" branch="false"/>
            <line number="79" hits="16" branch="false"/>
            <line number="80" hits="30" branch="false"/>
            <line number="81" hits="28" branch="false"/>
            <line number="82" hits="28" branch="false"/>
            <line number="83" hits="31" branch="false"/>
            <line number="84" hits="31" branch="true" condition-coverage="100% (1/1)"/>
            <line number="85" hits="87" branch="false"/>
            <line number="86" hits="31" branch="false"/>
            <line number="87" hits="31" branch="true" condition-coverage="100% (1/1)"/>
            <line number="88" hits="87" branch="false"/>
            <line number="89" hits="87" branch="false"/>
            <line number="90" hits="87" branch="false"/>
            <line number="91" hits="87" branch="false"/>
            <line number="92" hits="31" branch="false"/>
            <line number="93" hits="31" branch="false"/>
            <line number="94" hits="31" branch="true" condition-coverage="100% (1/1)"/>
            <line number="95" hits="31" branch="false"/>
            <line number="96" hits="31" branch="true" condition-coverage="100% (1/1)"/>
            <line number="97" hits="29" branch="false"/>
            <line number="98" hits="29" branch="true" condition-coverage="100% (1/1)"/>
            <line number="99" hits="7" branch="false"/>
            <line number="100" hits="7" branch="false"/>
            <line number="101" hits="29" branch="false"/>
            <line number="102" hits="30" branch="true" condition-coverage="100% (1/1)"/>
            <line number="103" hits="50" branch="false"/>
            <line number="104" hits="50" branch="true" condition-coverage="100% (1/1)"/>
            <line number="105" hits="30" branch="true" condition-coverage="100% (1/1)"/>
            <line number="106" hits="7" branch="true" condition-coverage="100% (1/1)"/>
            <line number="107" hits="2" branch="false"/>
            <line number="108" hits="2" branch="false"/>
            <line number="109" hits="2" branch="false"/>
            <line number="110" hits="2" branch="false"/>
            <line number="111" hits="2" branch="false"/>
            <line number="112" hits="2" branch="false"/>
            <line number="113" hits="2" branch="false"/>
            <line number="114" hits="2" branch="false"/>
            <line number="115" hits="2" branch="false"/>
            <line number="116" hits="2" branch="false"/>
            <line number="117" hits="2" branch="false"/>
            <line number="118" hits="2" branch="false"/>
            <line number="119" hits="2" branch="false"/>
            <line number="120" hits="2" branch="false"/>
            <line number="121" hits="7" branch="false"/>
            <line number="122" hits="7" branch="true" condition-coverage="100% (1/1)"/>
            <line number="123" hits="1" branch="false"/>
            <line number="124" hits="1" branch="false"/>
            <line number="125" hits="7" branch="false"/>
            <line number="126" hits="7" branch="false"/>
            <line number="127" hits="7" branch="false"/>
            <line number="128" hits="7" branch="true" condition-coverage="100% (1/1)"/>
            <line number="129" hits="7" branch="false"/>
            <line number="130" hits="7" branch="false"/>
            <line number="131" hits="7" branch="false"/>
            <line number="132" hits="7" branch="false"/>
            <line number="133" hits="50" branch="false"/>
            <line number="134" hits="50" branch="false"/>
            <line number="135" hits="50" branch="false"/>
            <line number="136" hits="50" branch="false"/>
            <line number="137" hits="50" branch="true" condition-coverage="100% (1/1)"/>
            <line number="138" hits="48" branch="true" condition-coverage="100% (1/1)"/>
            <line number="139" hits="5" branch="true" condition-coverage="100% (1/1)"/>
            <line number="140" hits="2" branch="false"/>
            <line number="141" hits="2" branch="false"/>
            <line number="142" hits="48" branch="false"/>
            <line number="143" hits="48" branch="false"/>
            <line number="144" hits="48" branch="false"/>
            <line number="145" hits="48" branch="true" condition-coverage="100% (1/1)"/>
            <line number="146" hits="48" branch="false"/>
            <line number="147" hits="48" branch="false"/>
            <line number="148" hits="50" branch="false"/>
            <line number="149" hits="51" branch="false"/>
            <line number="150" hits="2" branch="false"/>
            <line number="151" hits="2" branch="true" condition-coverage="100% (1/1)"/>
            <line number="152" hits="41" branch="false"/>
            <line number="153" hits="41" branch="true" condition-coverage="100% (1/1)"/>
            <line number="154" hits="41" branch="false"/>
            <line number="155" hits="41" branch="false"/>
            <line number="156" hits="2" branch="false"/>
            <line number="157" hits="2" branch="true" condition-coverage="100% (1/1)"/>
            <line number="158" hits="2" branch="false"/>
            <line number="159" hits="2" branch="true" condition-coverage="100% (1/1)"/>
            <line number="160" hits="1" branch="false"/>
            <line number="161" hits="1" branch="true" condition-coverage="100% (1/1)"/>
            <line number="162" hits="1" branch="false"/>
            <line number="163" hits="2" branch="false"/>
            <line number="164" hits="2" branch="true" condition-coverage="100% (1/1)"/>
            <line number="165" hits="2" branch="false"/>
            <line number="166" hits="2" branch="false"/>
            <line number="167" hits="2" branch="false"/>
            <line number="168" hits="2" branch="false"/>
            <line number="169" hits="2" branch="true" condition-coverage="100% (1/1)"/>
            <line number="170" hits="5" branch="false"/>
            <line number="171" hits="5" branch="false"/>
            <line number="172" hits="2" branch="false"/>
            <line number="173" hits="2" branch="false"/>
            <line number="174" hits="2" branch="true" condition-coverage="100% (1/1)"/>
            <line number="175" hits="2" branch="false"/>
            <line number="176" hits="2" branch="false"/>
            <line number="177" hits="2" branch="true" condition-coverage="100% (1/1)"/>
            <line number="178" hits="2" branch="false"/>
            <line number="179" hits="2" branch="false"/>
            <line number="180" hits="2" branch="true" condition-coverage="100% (1/1)"/>
            <line number="181" hits="10" branch="false"/>
            <line number="182" hits="10" branch="true" condition-coverage="100% (1/1)"/>
            <line number="183" hits="10" branch="false"/>
            <line number="184" hits="10" branch="false"/>
            <line number="185" hits="10" branch="false"/>
            <line number="186" hits="2" branch="false"/>
            <line number="187" hits="53" branch="true" condition-coverage="100% (1/1)"/>
            <line number="188" hits="53" branch="false"/>
            <line number="189" hits="53" branch="true" condition-coverage="100% (1/1)"/>
            <line number="190" hits="3" branch="false"/>
            <line number="191" hits="3" branch="false"/>
            <line number="192" hits="46" branch="true" condition-coverage="100% (1/1)"/>
            <line number="193" hits="53" branch="false"/>
            <line number="194" hits="2" branch="false"/>
            <line number="195" hits="86" branch="true" condition-coverage="100% (1/1)"/>
            <line number="196" hits="86" branch="false"/>
            <line number="197" hits="86" branch="false"/>
            <line number="198" hits="86" branch="true" condition-coverage="100% (2/2)"/>
            <line number="199" hits="86" branch="true" condition-coverage="100% (1/1)"/>
            <line number="200" hits="78" branch="false"/>
            <line number="201" hits="86" branch="false"/>
            <line number="202" hits="86" branch="false"/>
            <line number="203" hits="86" branch="false"/>
            <line number="204" hits="86" branch="true" condition-coverage="100% (1/1)"/>
            <line number="205" hits="3" branch="true" condition-coverage="100% (1/1)"/>
            <line number="206" hits="1" branch="false"/>
            <line number="207" hits="1" branch="false"/>
            <line number="208" hits="2" branch="true" condition-coverage="100% (1/1)"/>
            <line number="209" hits="2" branch="false"/>
            <line number="210" hits="2" branch="false"/>
            <line number="211" hits="2" branch="false"/>
            <line number="212" hits="2" branch="false"/>
            <line number="213" hits="2" branch="false"/>
            <line number="214" hits="86" branch="false"/>
            <line number="215" hits="86" branch="true" condition-coverage="100% (1/1)"/>
            <line number="216" hits="6" branch="true" condition-coverage="100% (1/1)"/>
            <line number="217" hits="1" branch="false"/>
            <line number="218" hits="1" branch="false"/>
            <line number="219" hits="5" branch="true" condition-coverage="100% (1/1)"/>
            <line number="220" hits="5" branch="false"/>
            <line number="221" hits="5" branch="false"/>
            <line number="222" hits="5" branch="false"/>
            <line number="223" hits="5" branch="true" condition-coverage="100% (2/2)"/>
            <line number="224" hits="2" branch="true" condition-coverage="100% (1/1)"/>
            <line number="225" hits="1" branch="false"/>
            <line number="226" hits="1" branch="false"/>
            <line number="227" hits="1" branch="false"/>
            <line number="228" hits="1" branch="false"/>
            <line number="229" hits="1" branch="false"/>
            <line number="230" hits="2" branch="false"/>
            <line number="231" hits="4" branch="true" condition-coverage="100% (1/1)"/>
            <line number="232" hits="4" branch="false"/>
            <line number="233" hits="86" branch="false"/>
            <line number="234" hits="86" branch="false"/>
            <line number="235" hits="86" branch="false"/>
            <line number="236" hits="86" branch="true" condition-coverage="100% (1/1)"/>
            <line number="237" hits="52" branch="false"/>
            <line number="238" hits="52" branch="true" condition-coverage="100% (1/1)"/>
            <line number="239" hits="42" branch="true" condition-coverage="100% (1/1)"/>
            <line number="240" hits="41" branch="false"/>
            <line number="241" hits="41" branch="true" condition-coverage="100% (1/1)"/>
            <line number="242" hits="22" branch="true" condition-coverage="100% (1/1)"/>
            <line number="243" hits="22" branch="false"/>
            <line number="244" hits="41" branch="true" condition-coverage="100% (1/1)"/>
            <line number="245" hits="30" branch="true" condition-coverage="100% (1/1)"/>
            <line number="246" hits="30" branch="false"/>
            <line number="247" hits="30" branch="true" condition-coverage="100% (1/1)"/>
            <line number="248" hits="29" branch="false"/>
            <line number="249" hits="29" branch="false"/>
            <line number="250" hits="30" branch="false"/>
            <line number="251" hits="30" branch="false"/>
            <line number="252" hits="30" branch="false"/>
            <line number="253" hits="42" branch="true" condition-coverage="100% (1/1)"/>
            <line number="254" hits="1" branch="false"/>
            <line number="255" hits="1" branch="false"/>
            <line number="256" hits="1" branch="false"/>
            <line number="257" hits="52" branch="true" condition-coverage="100% (1/1)"/>
            <line number="258" hits="10" branch="true" condition-coverage="100% (1/1)"/>
            <line number="259" hits="9" branch="true" condition-coverage="100% (1/1)"/>
            <line number="260" hits="6" branch="false"/>
            <line number="261" hits="9" branch="true" condition-coverage="100% (1/1)"/>
            <line number="262" hits="3" branch="false"/>
            <line number="263" hits="3" branch="false"/>
            <line number="264" hits="10" branch="true" condition-coverage="100% (1/1)"/>
            <line number="265" hits="1" branch="false"/>
            <line number="266" hits="1" branch="false"/>
            <line number="267" hits="10" branch="false"/>
            <line number="268" hits="86" branch="false"/>
            <line number="269" hits="86" branch="false"/>
            <line number="270" hits="86" branch="false"/>
            <line number="271" hits="86" branch="true" condition-coverage="100% (1/1)"/>
            <line number="272" hits="86" branch="false"/>
            <line number="273" hits="86" branch="false"/>
            <line number="274" hits="2" branch="false"/>
            <line number="275" hits="95" branch="true" condition-coverage="100% (1/1)"/>
            <line number="276" hits="95" branch="true" condition-coverage="100% (1/1)"/>
            <line number="277" hits="87" branch="false"/>
            <line number="278" hits="87" branch="true" condition-coverage="100% (1/1)"/>
            <line number="279" hits="87" branch="false"/>
            <line number="280" hits="87" branch="false"/>
            <line number="281" hits="95" branch="false"/>
            <line number="282" hits="95" branch="false"/>
            <line number="283" hits="2" branch="false"/>
            <line number="284" hits="2" branch="false"/>
            <line number="285" hits="2" branch="false"/>
            <line number="286" hits="2" branch="false"/>
            <line number="287" hits="2" branch="false"/>
            <line number="288" hits="2" branch="false"/>
            <line number="289" hits="2" branch="false"/>
            <line number="290" hits="2" branch="false"/>
            <line number="291" hits="172" branch="true" condition-coverage="100% (1/1)"/>
            <line number="292" hits="172" branch="true" condition-coverage="100% (1/1)"/>
            <line number="293" hits="188" branch="false"/>
            <line number="294" hits="188" branch="true" condition-coverage="100% (2/2)"/>
            <line number="295" hits="1" branch="false"/>
            <line number="296" hits="1" branch="false"/>
            <line number="297" hits="1" branch="false"/>
            <line number="298" hits="1" branch="false"/>
            <line number="299" hits="172" branch="false"/>
            <line number="300" hits="172" branch="false"/>
            <line number="301" hits="172" branch="false"/>
            <line number="302" hits="172" branch="true" condition-coverage="100% (1/1)"/>
            <line number="303" hits="146" branch="true" condition-coverage="100% (1/1)"/>
            <line number="304" hits="4" branch="false"/>
            <line number="305" hits="4" branch="false"/>
            <line number="306" hits="142" branch="true" condition-coverage="100% (1/1)"/>
            <line number="307" hits="142" branch="false"/>
            <line number="308" hits="146" branch="true" condition-coverage="100% (1/1)"/>
            <line number="309" hits="13" branch="false"/>
            <line number="310" hits="13" branch="true" condition-coverage="100% (1/1)"/>
            <line number="311" hits="13" branch="true" condition-coverage="100% (1/1)"/>
            <line number="312" hits="13" branch="false"/>
            <line number="313" hits="13" branch="true" condition-coverage="100% (1/1)"/>
            <line number="314" hits="7" branch="false"/>
            <line number="315" hits="7" branch="false"/>
            <line number="316" hits="7" branch="false"/>
            <line number="317" hits="13" branch="true" condition-coverage="100% (1/1)"/>
            <line number="318" hits="6" branch="false"/>
            <line number="319" hits="6" branch="false"/>
            <line number="320" hits="13" branch="false"/>
            <line number="321" hits="13" branch="false"/>
            <line number="322" hits="146" branch="true" condition-coverage="100% (1/1)"/>
            <line number="323" hits="128" branch="false"/>
            <line number="324" hits="128" branch="true" condition-coverage="100% (1/1)"/>
            <line number="325" hits="128" branch="false"/>
            <line number="326" hits="128" branch="true" condition-coverage="100% (1/1)"/>
            <line number="327" hits="112" branch="false"/>
            <line number="328" hits="112" branch="false"/>
            <line number="329" hits="112" branch="false"/>
            <line number="330" hits="128" branch="false"/>
            <line number="331" hits="128" branch="false"/>
            <line number="332" hits="172" branch="false"/>
            <line number="333" hits="172" branch="true" condition-coverage="100% (1/1)"/>
            <line number="334" hits="42" branch="false"/>
            <line number="335" hits="42" branch="false"/>
            <line number="336" hits="42" branch="false"/>
            <line number="337" hits="42" branch="false"/>
            <line number="338" hits="172" branch="false"/>
            <line number="339" hits="172" branch="true" condition-coverage="100% (1/1)"/>
            <line number="340" hits="4" branch="false"/>
            <line number="341" hits="4" branch="false"/>
            <line number="342" hits="4" branch="false"/>
            <line number="343" hits="4" branch="false"/>
            <line number="344" hits="172" branch="false"/>
            <line number="345" hits="172" branch="false"/>
            <line number="346" hits="172" branch="false"/>
            <line number="347" hits="2" branch="false"/>
            <line number="348" hits="48" branch="true" condition-coverage="100% (1/1)"/>
            <line number="349" hits="48" branch="false"/>
            <line number="350" hits="48" branch="true" condition-coverage="100% (1/1)"/>
            <line number="351" hits="37" branch="false"/>
            <line number="352" hits="37" branch="true" condition-coverage="100% (1/1)"/>
            <line number="353" hits="23" branch="false"/>
            <line number="354" hits="23" branch="false"/>
            <line number="355" hits="37" branch="false"/>
            <line number="356" hits="48" branch="true" condition-coverage="100% (1/1)"/>
            <line number="357" hits="2" branch="false"/>
            <line number="358" hits="37" branch="true" condition-coverage="100% (1/1)"/>
            <line number="359" hits="37" branch="true" condition-coverage="100% (1/1)"/>
            <line number="360" hits="24" branch="true" condition-coverage="100% (2/2)"/>
            <line number="361" hits="3" branch="true" condition-coverage="100% (1/1)"/>
            <line number="362" hits="1" branch="false"/>
            <line number="363" hits="1" branch="false"/>
            <line number="364" hits="3" branch="true" condition-coverage="100% (1/1)"/>
            <line number="365" hits="3" branch="true" condition-coverage="100% (1/1)"/>
            <line number="366" hits="1" branch="false"/>
            <line number="367" hits="1" branch="false"/>
            <line number="368" hits="3" branch="false"/>
            <line number="369" hits="24" branch="true" condition-coverage="100% (2/2)"/>
            <line number="370" hits="21" branch="false"/>
            <line number="371" hits="21" branch="false"/>
            <line number="372" hits="24" branch="false"/>
            <line number="373" hits="14" branch="true" condition-coverage="100% (1/1)"/>
            <line number="374" hits="37" branch="false"/>
            <line number="375" hits="2" branch="false"/>
            <line number="376" hits="57" branch="true" condition-coverage="100% (1/1)"/>
            <line number="377" hits="57" branch="true" condition-coverage="100% (1/1)"/>
            <line number="378" hits="1" branch="false"/>
            <line number="379" hits="1" branch="false"/>
            <line number="380" hits="56" branch="true" condition-coverage="100% (1/1)"/>
            <line number="381" hits="57" branch="true" condition-coverage="100% (1/1)"/>
            <line number="382" hits="36" branch="false"/>
            <line number="383" hits="36" branch="false"/>
            <line number="384" hits="57" branch="true" condition-coverage="100% (3/3)"/>
            <line number="385" hits="57" branch="false"/>
            <line number="386" hits="57" branch="false"/>
            <line number="387" hits="2" branch="false"/>
            <line number="388" hits="46" branch="true" condition-coverage="100% (1/1)"/>
            <line number="389" hits="46" branch="false"/>
            <line number="390" hits="46" branch="true" condition-coverage="100% (1/1)"/>
            <line number="391" hits="89" branch="false"/>
            <line number="392" hits="89" branch="false"/>
            <line number="393" hits="46" branch="false"/>
            <line number="394" hits="46" branch="false"/>
            <line number="395" hits="2" branch="false"/>
            <line number="396" hits="84" branch="true" condition-coverage="100% (1/1)"/>
            <line number="397" hits="84" branch="false"/>
            <line number="398" hits="84" branch="true" condition-coverage="100% (2/2)"/>
            <line number="399" hits="84" branch="false"/>
            <line number="400" hits="84" branch="false"/>
            <line number="401" hits="84" branch="true" condition-coverage="100% (1/1)"/>
            <line number="402" hits="160" branch="false"/>
            <line number="403" hits="160" branch="false"/>
            <line number="404" hits="84" branch="false"/>
            <line number="405" hits="84" branch="false"/>
            <line number="406" hits="2" branch="false"/>
            <line number="407" hits="220" branch="true" condition-coverage="100% (1/1)"/>
            <line number="408" hits="220" branch="true" condition-coverage="100% (1/1)"/>
            <line number="409" hits="120" branch="false"/>
            <line number="410" hits="220" branch="true" condition-coverage="100% (1/1)"/>
            <line number="411" hits="100" branch="false"/>
            <line number="412" hits="100" branch="false"/>
            <line number="413" hits="220" branch="false"/>
          </lines>
        </class>
      </classes>
    </package>
  </packages>
</coverage>
